RUN	Servicios.ObtenerCiudades	obtenerciudades	1569618175525	 	3.0.2
USER	SmokeTest	1	START	1569618177849	1569618177849
USER	SmokeTest	2	START	1569618178100	1569618178100
USER	SmokeTest	3	START	1569618178304	1569618178304
USER	SmokeTest	4	START	1569618178501	1569618178501
USER	SmokeTest	5	START	1569618178702	1569618178702
REQUEST	1		SmokeTest	1569618177885	1569618178912	OK	 
USER	SmokeTest	1	END	1569618177849	1569618178987
USER	SmokeTest	6	START	1569618178987	1569618178987
REQUEST	2		SmokeTest	1569618178101	1569618179009	OK	 
USER	SmokeTest	2	END	1569618178100	1569618179018
USER	SmokeTest	7	START	1569618179019	1569618179019
REQUEST	3		SmokeTest	1569618178305	1569618179126	OK	 
USER	SmokeTest	3	END	1569618178304	1569618179135
USER	SmokeTest	8	START	1569618179135	1569618179135
REQUEST	4		SmokeTest	1569618178502	1569618179360	OK	 
USER	SmokeTest	4	END	1569618178501	1569618179405
USER	SmokeTest	9	START	1569618179406	1569618179406
REQUEST	5		SmokeTest	1569618178703	1569618179484	OK	 
USER	SmokeTest	5	END	1569618178702	1569618179499
USER	SmokeTest	10	START	1569618179508	1569618179508
REQUEST	8		SmokeTest	1569618179136	1569618179942	OK	 
USER	SmokeTest	8	END	1569618179135	1569618179955
USER	SmokeTest	11	START	1569618179958	1569618179958
REQUEST	6		SmokeTest	1569618178988	1569618179935	OK	 
USER	SmokeTest	6	END	1569618178987	1569618179967
USER	SmokeTest	12	START	1569618179968	1569618179968
REQUEST	7		SmokeTest	1569618179020	1569618180142	OK	 
REQUEST	9		SmokeTest	1569618179407	1569618180194	OK	 
USER	SmokeTest	7	END	1569618179019	1569618180183
USER	SmokeTest	13	START	1569618180228	1569618180228
USER	SmokeTest	9	END	1569618179406	1569618180204
USER	SmokeTest	14	START	1569618180231	1569618180231
REQUEST	10		SmokeTest	1569618179510	1569618180263	OK	 
USER	SmokeTest	10	END	1569618179508	1569618180269
USER	SmokeTest	15	START	1569618180269	1569618180269
REQUEST	12		SmokeTest	1569618179969	1569618181041	OK	 
USER	SmokeTest	12	END	1569618179968	1569618181061
USER	SmokeTest	16	START	1569618181061	1569618181061
REQUEST	11		SmokeTest	1569618179960	1569618181106	OK	 
USER	SmokeTest	11	END	1569618179958	1569618181114
USER	SmokeTest	17	START	1569618181114	1569618181114
REQUEST	13		SmokeTest	1569618180229	1569618181179	OK	 
USER	SmokeTest	13	END	1569618180228	1569618181185
USER	SmokeTest	18	START	1569618181185	1569618181185
REQUEST	14		SmokeTest	1569618180232	1569618181324	OK	 
USER	SmokeTest	14	END	1569618180231	1569618181329
USER	SmokeTest	19	START	1569618181329	1569618181329
REQUEST	15		SmokeTest	1569618180270	1569618181413	OK	 
USER	SmokeTest	15	END	1569618180269	1569618181419
USER	SmokeTest	20	START	1569618181419	1569618181419
REQUEST	16		SmokeTest	1569618181062	1569618182268	OK	 
USER	SmokeTest	16	END	1569618181061	1569618182277
USER	SmokeTest	21	START	1569618182277	1569618182277
REQUEST	17		SmokeTest	1569618181115	1569618182360	OK	 
USER	SmokeTest	17	END	1569618181114	1569618182377
USER	SmokeTest	22	START	1569618182378	1569618182378
REQUEST	19		SmokeTest	1569618181330	1569618182401	OK	 
USER	SmokeTest	19	END	1569618181329	1569618182405
USER	SmokeTest	23	START	1569618182406	1569618182406
REQUEST	18		SmokeTest	1569618181186	1569618182465	OK	 
USER	SmokeTest	18	END	1569618181185	1569618182471
USER	SmokeTest	24	START	1569618182471	1569618182471
USER	SmokeTest	25	START	1569618182854	1569618182854
REQUEST	21		SmokeTest	1569618182278	1569618183199	OK	 
USER	SmokeTest	21	END	1569618182277	1569618183206
USER	SmokeTest	26	START	1569618183206	1569618183206
REQUEST	24		SmokeTest	1569618182472	1569618183260	OK	 
USER	SmokeTest	24	END	1569618182471	1569618183266
USER	SmokeTest	27	START	1569618183266	1569618183266
REQUEST	23		SmokeTest	1569618182406	1569618183293	OK	 
USER	SmokeTest	23	END	1569618182406	1569618183301
REQUEST	20		SmokeTest	1569618181420	1569618183293	OK	 
USER	SmokeTest	28	START	1569618183302	1569618183302
USER	SmokeTest	20	END	1569618181419	1569618183303
USER	SmokeTest	29	START	1569618183306	1569618183306
REQUEST	22		SmokeTest	1569618182380	1569618183731	OK	 
USER	SmokeTest	22	END	1569618182378	1569618183749
USER	SmokeTest	30	START	1569618183750	1569618183750
REQUEST	26		SmokeTest	1569618183207	1569618184029	OK	 
USER	SmokeTest	26	END	1569618183206	1569618184035
USER	SmokeTest	31	START	1569618184035	1569618184035
REQUEST	25		SmokeTest	1569618182856	1569618184043	OK	 
USER	SmokeTest	25	END	1569618182854	1569618184051
USER	SmokeTest	32	START	1569618184052	1569618184052
REQUEST	27		SmokeTest	1569618183267	1569618184093	OK	 
USER	SmokeTest	27	END	1569618183266	1569618184098
USER	SmokeTest	33	START	1569618184098	1569618184098
REQUEST	28		SmokeTest	1569618183305	1569618184298	OK	 
USER	SmokeTest	28	END	1569618183302	1569618184303
USER	SmokeTest	34	START	1569618184304	1569618184304
REQUEST	29		SmokeTest	1569618183308	1569618184395	OK	 
USER	SmokeTest	29	END	1569618183306	1569618184402
USER	SmokeTest	35	START	1569618184402	1569618184402
REQUEST	30		SmokeTest	1569618183751	1569618184489	OK	 
USER	SmokeTest	30	END	1569618183750	1569618184494
USER	SmokeTest	36	START	1569618184495	1569618184495
REQUEST	31		SmokeTest	1569618184036	1569618184743	OK	 
USER	SmokeTest	31	END	1569618184035	1569618184751
USER	SmokeTest	37	START	1569618184752	1569618184752
REQUEST	32		SmokeTest	1569618184053	1569618184809	OK	 
USER	SmokeTest	32	END	1569618184052	1569618184815
USER	SmokeTest	38	START	1569618184815	1569618184815
REQUEST	33		SmokeTest	1569618184099	1569618184843	OK	 
USER	SmokeTest	33	END	1569618184098	1569618184850
USER	SmokeTest	39	START	1569618184850	1569618184850
REQUEST	34		SmokeTest	1569618184304	1569618185106	OK	 
USER	SmokeTest	34	END	1569618184304	1569618185114
USER	SmokeTest	40	START	1569618185115	1569618185115
REQUEST	35		SmokeTest	1569618184403	1569618185131	OK	 
USER	SmokeTest	35	END	1569618184402	1569618185148
USER	SmokeTest	41	START	1569618185149	1569618185149
REQUEST	36		SmokeTest	1569618184495	1569618185332	OK	 
USER	SmokeTest	36	END	1569618184495	1569618185337
USER	SmokeTest	42	START	1569618185337	1569618185337
REQUEST	38		SmokeTest	1569618184816	1569618185539	OK	 
USER	SmokeTest	38	END	1569618184815	1569618185562
USER	SmokeTest	43	START	1569618185566	1569618185566
REQUEST	37		SmokeTest	1569618184753	1569618185614	OK	 
USER	SmokeTest	37	END	1569618184752	1569618185619
USER	SmokeTest	44	START	1569618185619	1569618185619
REQUEST	39		SmokeTest	1569618184851	1569618185641	OK	 
USER	SmokeTest	39	END	1569618184850	1569618185664
USER	SmokeTest	45	START	1569618185670	1569618185670
REQUEST	40		SmokeTest	1569618185115	1569618185866	OK	 
USER	SmokeTest	40	END	1569618185115	1569618185872
USER	SmokeTest	46	START	1569618185873	1569618185873
REQUEST	41		SmokeTest	1569618185150	1569618185975	OK	 
USER	SmokeTest	41	END	1569618185149	1569618185983
USER	SmokeTest	47	START	1569618185983	1569618185983
REQUEST	42		SmokeTest	1569618185338	1569618186259	OK	 
USER	SmokeTest	42	END	1569618185337	1569618186271
USER	SmokeTest	48	START	1569618186272	1569618186272
REQUEST	44		SmokeTest	1569618185619	1569618186362	OK	 
USER	SmokeTest	44	END	1569618185619	1569618186380
USER	SmokeTest	49	START	1569618186380	1569618186380
REQUEST	43		SmokeTest	1569618185567	1569618186447	OK	 
USER	SmokeTest	43	END	1569618185566	1569618186470
USER	SmokeTest	50	START	1569618186472	1569618186472
REQUEST	45		SmokeTest	1569618185672	1569618186540	OK	 
USER	SmokeTest	45	END	1569618185670	1569618186545
USER	SmokeTest	51	START	1569618186545	1569618186545
REQUEST	46		SmokeTest	1569618185874	1569618186580	OK	 
USER	SmokeTest	46	END	1569618185873	1569618186589
USER	SmokeTest	52	START	1569618186591	1569618186591
REQUEST	47		SmokeTest	1569618185984	1569618186744	OK	 
USER	SmokeTest	47	END	1569618185983	1569618186754
USER	SmokeTest	53	START	1569618186755	1569618186755
REQUEST	49		SmokeTest	1569618186381	1569618187080	OK	 
USER	SmokeTest	49	END	1569618186380	1569618187102
USER	SmokeTest	54	START	1569618187106	1569618187106
REQUEST	50		SmokeTest	1569618186474	1569618187213	OK	 
USER	SmokeTest	50	END	1569618186472	1569618187225
REQUEST	48		SmokeTest	1569618186274	1569618187210	OK	 
USER	SmokeTest	55	START	1569618187226	1569618187226
USER	SmokeTest	48	END	1569618186272	1569618187230
USER	SmokeTest	56	START	1569618187233	1569618187233
REQUEST	51		SmokeTest	1569618186546	1569618187315	OK	 
USER	SmokeTest	51	END	1569618186545	1569618187323
USER	SmokeTest	57	START	1569618187326	1569618187326
REQUEST	52		SmokeTest	1569618186592	1569618187348	OK	 
USER	SmokeTest	52	END	1569618186591	1569618187353
USER	SmokeTest	58	START	1569618187353	1569618187353
REQUEST	53		SmokeTest	1569618186756	1569618187768	OK	 
USER	SmokeTest	53	END	1569618186755	1569618187797
USER	SmokeTest	59	START	1569618187798	1569618187798
REQUEST	55		SmokeTest	1569618187231	1569618188013	OK	 
USER	SmokeTest	55	END	1569618187226	1569618188020
USER	SmokeTest	60	START	1569618188022	1569618188022
REQUEST	54		SmokeTest	1569618187110	1569618188105	OK	 
USER	SmokeTest	54	END	1569618187106	1569618188110
USER	SmokeTest	61	START	1569618188110	1569618188110
REQUEST	57		SmokeTest	1569618187326	1569618188117	OK	 
USER	SmokeTest	57	END	1569618187326	1569618188124
USER	SmokeTest	62	START	1569618188124	1569618188124
REQUEST	56		SmokeTest	1569618187238	1569618189624	OK	 
USER	SmokeTest	56	END	1569618187233	1569618189633
USER	SmokeTest	63	START	1569618189633	1569618189633
REQUEST	61		SmokeTest	1569618188111	1569618189724	OK	 
USER	SmokeTest	61	END	1569618188110	1569618189746
USER	SmokeTest	64	START	1569618189747	1569618189747
REQUEST	58		SmokeTest	1569618187356	1569618190049	OK	 
USER	SmokeTest	58	END	1569618187353	1569618190054
USER	SmokeTest	65	START	1569618190054	1569618190054
REQUEST	59		SmokeTest	1569618187800	1569618190156	OK	 
USER	SmokeTest	59	END	1569618187798	1569618190162
USER	SmokeTest	66	START	1569618190162	1569618190162
REQUEST	60		SmokeTest	1569618188023	1569618190470	OK	 
USER	SmokeTest	60	END	1569618188022	1569618190481
USER	SmokeTest	67	START	1569618190483	1569618190483
REQUEST	62		SmokeTest	1569618188125	1569618190483	OK	 
USER	SmokeTest	62	END	1569618188124	1569618190489
USER	SmokeTest	68	START	1569618190492	1569618190492
REQUEST	63		SmokeTest	1569618189634	1569618190559	OK	 
USER	SmokeTest	63	END	1569618189633	1569618190565
USER	SmokeTest	69	START	1569618190566	1569618190566
REQUEST	64		SmokeTest	1569618189750	1569618190566	OK	 
USER	SmokeTest	64	END	1569618189747	1569618190572
USER	SmokeTest	70	START	1569618190572	1569618190572
REQUEST	65		SmokeTest	1569618190055	1569618190904	OK	 
USER	SmokeTest	65	END	1569618190054	1569618190933
REQUEST	66		SmokeTest	1569618190163	1569618190909	OK	 
USER	SmokeTest	71	START	1569618190934	1569618190934
USER	SmokeTest	66	END	1569618190162	1569618190940
USER	SmokeTest	72	START	1569618190940	1569618190940
REQUEST	67		SmokeTest	1569618190485	1569618191239	OK	 
USER	SmokeTest	67	END	1569618190483	1569618191246
USER	SmokeTest	73	START	1569618191249	1569618191249
REQUEST	70		SmokeTest	1569618190574	1569618191351	OK	 
USER	SmokeTest	70	END	1569618190572	1569618191358
USER	SmokeTest	74	START	1569618191358	1569618191358
REQUEST	68		SmokeTest	1569618190492	1569618191499	OK	 
USER	SmokeTest	68	END	1569618190492	1569618191518
USER	SmokeTest	75	START	1569618191518	1569618191518
REQUEST	73		SmokeTest	1569618191250	1569618192124	OK	 
USER	SmokeTest	73	END	1569618191249	1569618192138
REQUEST	72		SmokeTest	1569618190941	1569618192123	OK	 
USER	SmokeTest	76	START	1569618192138	1569618192138
USER	SmokeTest	72	END	1569618190940	1569618192141
USER	SmokeTest	77	START	1569618192142	1569618192142
REQUEST	74		SmokeTest	1569618191358	1569618192236	OK	 
USER	SmokeTest	74	END	1569618191358	1569618192245
REQUEST	75		SmokeTest	1569618191521	1569618192238	OK	 
USER	SmokeTest	78	START	1569618192246	1569618192246
USER	SmokeTest	75	END	1569618191518	1569618192249
USER	SmokeTest	79	START	1569618192249	1569618192249
REQUEST	69		SmokeTest	1569618190568	1569618192492	OK	 
USER	SmokeTest	69	END	1569618190566	1569618192496
USER	SmokeTest	80	START	1569618192496	1569618192496
REQUEST	76		SmokeTest	1569618192142	1569618193035	OK	 
USER	SmokeTest	76	END	1569618192138	1569618193042
USER	SmokeTest	81	START	1569618193043	1569618193043
REQUEST	77		SmokeTest	1569618192143	1569618193043	OK	 
USER	SmokeTest	77	END	1569618192142	1569618193050
USER	SmokeTest	82	START	1569618193051	1569618193051
REQUEST	79		SmokeTest	1569618192250	1569618193145	OK	 
USER	SmokeTest	79	END	1569618192249	1569618193153
USER	SmokeTest	83	START	1569618193153	1569618193153
REQUEST	71		SmokeTest	1569618190939	1569618193207	OK	 
USER	SmokeTest	71	END	1569618190934	1569618193212
USER	SmokeTest	84	START	1569618193213	1569618193213
REQUEST	78		SmokeTest	1569618192249	1569618193395	OK	 
USER	SmokeTest	78	END	1569618192246	1569618193402
USER	SmokeTest	85	START	1569618193402	1569618193402
REQUEST	81		SmokeTest	1569618193044	1569618193837	OK	 
USER	SmokeTest	81	END	1569618193043	1569618193847
USER	SmokeTest	86	START	1569618193848	1569618193848
REQUEST	82		SmokeTest	1569618193051	1569618194017	OK	 
USER	SmokeTest	82	END	1569618193051	1569618194021
USER	SmokeTest	87	START	1569618194022	1569618194022
REQUEST	83		SmokeTest	1569618193153	1569618194070	OK	 
USER	SmokeTest	83	END	1569618193153	1569618194078
USER	SmokeTest	88	START	1569618194079	1569618194079
REQUEST	84		SmokeTest	1569618193214	1569618194208	OK	 
USER	SmokeTest	84	END	1569618193213	1569618194218
USER	SmokeTest	89	START	1569618194220	1569618194220
REQUEST	85		SmokeTest	1569618193403	1569618194236	OK	 
USER	SmokeTest	85	END	1569618193402	1569618194241
USER	SmokeTest	90	START	1569618194241	1569618194241
REQUEST	86		SmokeTest	1569618193849	1569618194777	OK	 
USER	SmokeTest	86	END	1569618193848	1569618194808
USER	SmokeTest	91	START	1569618194808	1569618194808
USER	SmokeTest	92	START	1569618194845	1569618194845
REQUEST	87		SmokeTest	1569618194022	1569618194986	OK	 
REQUEST	89		SmokeTest	1569618194221	1569618194991	OK	 
USER	SmokeTest	87	END	1569618194022	1569618194998
USER	SmokeTest	93	START	1569618195010	1569618195010
USER	SmokeTest	89	END	1569618194220	1569618195007
USER	SmokeTest	94	START	1569618195012	1569618195012
REQUEST	80		SmokeTest	1569618192496	1569618195094	OK	 
USER	SmokeTest	80	END	1569618192496	1569618195112
USER	SmokeTest	95	START	1569618195112	1569618195112
REQUEST	88		SmokeTest	1569618194079	1569618195192	OK	 
REQUEST	90		SmokeTest	1569618194242	1569618195192	OK	 
USER	SmokeTest	88	END	1569618194079	1569618195224
USER	SmokeTest	96	START	1569618195238	1569618195238
USER	SmokeTest	90	END	1569618194241	1569618195237
USER	SmokeTest	97	START	1569618195239	1569618195239
REQUEST	91		SmokeTest	1569618194809	1569618195709	OK	 
USER	SmokeTest	91	END	1569618194808	1569618195713
USER	SmokeTest	98	START	1569618195713	1569618195713
REQUEST	94		SmokeTest	1569618195013	1569618195857	OK	 
USER	SmokeTest	94	END	1569618195012	1569618195867
USER	SmokeTest	99	START	1569618195868	1569618195868
REQUEST	93		SmokeTest	1569618195011	1569618196088	OK	 
USER	SmokeTest	93	END	1569618195010	1569618196094
USER	SmokeTest	100	START	1569618196095	1569618196095
REQUEST	95		SmokeTest	1569618195113	1569618196178	OK	 
USER	SmokeTest	95	END	1569618195112	1569618196183
USER	SmokeTest	101	START	1569618196183	1569618196183
REQUEST	96		SmokeTest	1569618195239	1569618196191	OK	 
USER	SmokeTest	96	END	1569618195238	1569618196198
USER	SmokeTest	102	START	1569618196198	1569618196198
REQUEST	98		SmokeTest	1569618195714	1569618196805	OK	 
USER	SmokeTest	98	END	1569618195713	1569618196817
USER	SmokeTest	103	START	1569618196817	1569618196817
REQUEST	100		SmokeTest	1569618196096	1569618197008	OK	 
USER	SmokeTest	100	END	1569618196095	1569618197013
USER	SmokeTest	104	START	1569618197013	1569618197013
REQUEST	99		SmokeTest	1569618195869	1569618197016	OK	 
USER	SmokeTest	99	END	1569618195868	1569618197021
USER	SmokeTest	105	START	1569618197021	1569618197021
REQUEST	102		SmokeTest	1569618196198	1569618197134	OK	 
USER	SmokeTest	102	END	1569618196198	1569618197142
USER	SmokeTest	106	START	1569618197143	1569618197143
REQUEST	101		SmokeTest	1569618196184	1569618197228	OK	 
USER	SmokeTest	101	END	1569618196183	1569618197232
USER	SmokeTest	107	START	1569618197232	1569618197232
REQUEST	92		SmokeTest	1569618194846	1569618197543	OK	 
USER	SmokeTest	92	END	1569618194845	1569618197550
USER	SmokeTest	108	START	1569618197550	1569618197550
REQUEST	103		SmokeTest	1569618196819	1569618197737	OK	 
USER	SmokeTest	103	END	1569618196817	1569618197743
USER	SmokeTest	109	START	1569618197743	1569618197743
REQUEST	105		SmokeTest	1569618197022	1569618197746	OK	 
USER	SmokeTest	105	END	1569618197021	1569618197751
USER	SmokeTest	110	START	1569618197753	1569618197753
REQUEST	106		SmokeTest	1569618197144	1569618197855	OK	 
USER	SmokeTest	106	END	1569618197143	1569618197862
USER	SmokeTest	111	START	1569618197864	1569618197864
REQUEST	97		SmokeTest	1569618195247	1569618197951	OK	 
USER	SmokeTest	97	END	1569618195239	1569618197961
REQUEST	107		SmokeTest	1569618197233	1569618197972	OK	 
USER	SmokeTest	112	START	1569618197972	1569618197972
USER	SmokeTest	107	END	1569618197232	1569618197978
USER	SmokeTest	113	START	1569618197979	1569618197979
REQUEST	108		SmokeTest	1569618197551	1569618198293	OK	 
USER	SmokeTest	108	END	1569618197550	1569618198307
USER	SmokeTest	114	START	1569618198307	1569618198307
REQUEST	104		SmokeTest	1569618197014	1569618198372	OK	 
USER	SmokeTest	104	END	1569618197013	1569618198377
USER	SmokeTest	115	START	1569618198377	1569618198377
REQUEST	109		SmokeTest	1569618197744	1569618198470	OK	 
USER	SmokeTest	109	END	1569618197743	1569618198476
USER	SmokeTest	116	START	1569618198477	1569618198477
REQUEST	110		SmokeTest	1569618197754	1569618198642	OK	 
USER	SmokeTest	110	END	1569618197753	1569618198647
USER	SmokeTest	117	START	1569618198648	1569618198648
REQUEST	111		SmokeTest	1569618197865	1569618198810	OK	 
USER	SmokeTest	111	END	1569618197864	1569618198826
REQUEST	113		SmokeTest	1569618197980	1569618198804	OK	 
USER	SmokeTest	118	START	1569618198827	1569618198827
USER	SmokeTest	113	END	1569618197979	1569618198830
USER	SmokeTest	119	START	1569618198831	1569618198831
REQUEST	112		SmokeTest	1569618197978	1569618198886	OK	 
USER	SmokeTest	112	END	1569618197972	1569618198890
USER	SmokeTest	120	START	1569618198890	1569618198890
REQUEST	114		SmokeTest	1569618198308	1569618199092	OK	 
USER	SmokeTest	114	END	1569618198307	1569618199102
USER	SmokeTest	121	START	1569618199103	1569618199103
REQUEST	116		SmokeTest	1569618198478	1569618199265	OK	 
USER	SmokeTest	116	END	1569618198477	1569618199272
USER	SmokeTest	122	START	1569618199273	1569618199273
REQUEST	115		SmokeTest	1569618198377	1569618199845	OK	 
USER	SmokeTest	115	END	1569618198377	1569618199855
USER	SmokeTest	123	START	1569618199855	1569618199855
REQUEST	122		SmokeTest	1569618199273	1569618200993	OK	 
USER	SmokeTest	122	END	1569618199273	1569618201001
USER	SmokeTest	124	START	1569618201001	1569618201001
REQUEST	121		SmokeTest	1569618199104	1569618201115	OK	 
USER	SmokeTest	121	END	1569618199103	1569618201121
USER	SmokeTest	125	START	1569618201121	1569618201121
REQUEST	120		SmokeTest	1569618198891	1569618201520	OK	 
USER	SmokeTest	120	END	1569618198890	1569618201526
USER	SmokeTest	126	START	1569618201526	1569618201526
REQUEST	118		SmokeTest	1569618198831	1569618201722	OK	 
USER	SmokeTest	118	END	1569618198827	1569618201727
USER	SmokeTest	127	START	1569618201729	1569618201729
REQUEST	124		SmokeTest	1569618201002	1569618201851	OK	 
USER	SmokeTest	124	END	1569618201001	1569618201862
REQUEST	125		SmokeTest	1569618201122	1569618201858	OK	 
USER	SmokeTest	128	START	1569618201862	1569618201862
USER	SmokeTest	125	END	1569618201121	1569618201865
USER	SmokeTest	129	START	1569618201865	1569618201865
REQUEST	123		SmokeTest	1569618199856	1569618201945	OK	 
USER	SmokeTest	123	END	1569618199855	1569618201950
USER	SmokeTest	130	START	1569618201951	1569618201951
REQUEST	117		SmokeTest	1569618198648	1569618202226	OK	 
USER	SmokeTest	117	END	1569618198648	1569618202232
USER	SmokeTest	131	START	1569618202232	1569618202232
REQUEST	119		SmokeTest	1569618198833	1569618202471	OK	 
USER	SmokeTest	119	END	1569618198831	1569618202479
USER	SmokeTest	132	START	1569618202480	1569618202480
REQUEST	126		SmokeTest	1569618201568	1569618202504	OK	 
USER	SmokeTest	126	END	1569618201526	1569618202512
USER	SmokeTest	133	START	1569618202513	1569618202513
REQUEST	127		SmokeTest	1569618201729	1569618202582	OK	 
USER	SmokeTest	127	END	1569618201729	1569618202588
REQUEST	128		SmokeTest	1569618201865	1569618202589	OK	 
USER	SmokeTest	134	START	1569618202595	1569618202595
USER	SmokeTest	128	END	1569618201862	1569618202598
USER	SmokeTest	135	START	1569618202599	1569618202599
REQUEST	130		SmokeTest	1569618201951	1569618202764	OK	 
USER	SmokeTest	130	END	1569618201951	1569618202772
USER	SmokeTest	136	START	1569618202772	1569618202772
REQUEST	132		SmokeTest	1569618202481	1569618203285	OK	 
USER	SmokeTest	132	END	1569618202480	1569618203289
USER	SmokeTest	137	START	1569618203290	1569618203290
REQUEST	131		SmokeTest	1569618202232	1569618203335	OK	 
USER	SmokeTest	131	END	1569618202232	1569618203341
USER	SmokeTest	138	START	1569618203341	1569618203341
REQUEST	134		SmokeTest	1569618202599	1569618203366	OK	 
USER	SmokeTest	134	END	1569618202595	1569618203373
USER	SmokeTest	139	START	1569618203373	1569618203373
REQUEST	133		SmokeTest	1569618202513	1569618203465	OK	 
USER	SmokeTest	133	END	1569618202513	1569618203473
USER	SmokeTest	140	START	1569618203473	1569618203473
REQUEST	136		SmokeTest	1569618202773	1569618203565	OK	 
USER	SmokeTest	136	END	1569618202772	1569618203569
USER	SmokeTest	141	START	1569618203569	1569618203569
REQUEST	135		SmokeTest	1569618202600	1569618203657	OK	 
USER	SmokeTest	135	END	1569618202599	1569618203660
USER	SmokeTest	142	START	1569618203661	1569618203661
REQUEST	129		SmokeTest	1569618201866	1569618203685	OK	 
USER	SmokeTest	129	END	1569618201865	1569618203692
USER	SmokeTest	143	START	1569618203693	1569618203693
REQUEST	139		SmokeTest	1569618203374	1569618204112	OK	 
USER	SmokeTest	139	END	1569618203373	1569618204119
USER	SmokeTest	144	START	1569618204119	1569618204119
REQUEST	137		SmokeTest	1569618203291	1569618204119	OK	 
USER	SmokeTest	137	END	1569618203290	1569618204129
USER	SmokeTest	145	START	1569618204129	1569618204129
REQUEST	138		SmokeTest	1569618203341	1569618204204	OK	 
USER	SmokeTest	138	END	1569618203341	1569618204219
USER	SmokeTest	146	START	1569618204219	1569618204219
REQUEST	140		SmokeTest	1569618203474	1569618204318	OK	 
USER	SmokeTest	140	END	1569618203473	1569618204330
USER	SmokeTest	147	START	1569618204331	1569618204331
REQUEST	142		SmokeTest	1569618203661	1569618204431	OK	 
USER	SmokeTest	142	END	1569618203661	1569618204438
USER	SmokeTest	148	START	1569618204438	1569618204438
REQUEST	143		SmokeTest	1569618203694	1569618204603	OK	 
USER	SmokeTest	143	END	1569618203693	1569618204610
USER	SmokeTest	149	START	1569618204611	1569618204611
REQUEST	141		SmokeTest	1569618203571	1569618204616	OK	 
USER	SmokeTest	141	END	1569618203569	1569618204619
USER	SmokeTest	150	START	1569618204619	1569618204619
REQUEST	148		SmokeTest	1569618204438	1569618205902	OK	 
USER	SmokeTest	148	END	1569618204438	1569618205905
USER	SmokeTest	151	START	1569618205905	1569618205905
REQUEST	149		SmokeTest	1569618204611	1569618206093	OK	 
USER	SmokeTest	149	END	1569618204611	1569618206098
USER	SmokeTest	152	START	1569618206098	1569618206098
REQUEST	150		SmokeTest	1569618204620	1569618206167	OK	 
USER	SmokeTest	150	END	1569618204619	1569618206174
USER	SmokeTest	153	START	1569618206174	1569618206174
REQUEST	144		SmokeTest	1569618204120	1569618206493	OK	 
USER	SmokeTest	144	END	1569618204119	1569618206497
USER	SmokeTest	154	START	1569618206497	1569618206497
REQUEST	145		SmokeTest	1569618204130	1569618206638	OK	 
USER	SmokeTest	145	END	1569618204129	1569618206651
USER	SmokeTest	155	START	1569618206651	1569618206651
REQUEST	146		SmokeTest	1569618204220	1569618206723	OK	 
USER	SmokeTest	146	END	1569618204219	1569618206726
USER	SmokeTest	156	START	1569618206727	1569618206727
USER	SmokeTest	157	START	1569618206840	1569618206840
REQUEST	147		SmokeTest	1569618204332	1569618206847	OK	 
REQUEST	151		SmokeTest	1569618205906	1569618206847	OK	 
USER	SmokeTest	147	END	1569618204331	1569618206856
USER	SmokeTest	158	START	1569618206864	1569618206864
USER	SmokeTest	151	END	1569618205905	1569618206863
USER	SmokeTest	159	START	1569618206866	1569618206866
REQUEST	153		SmokeTest	1569618206174	1569618207085	OK	 
USER	SmokeTest	153	END	1569618206174	1569618207102
USER	SmokeTest	160	START	1569618207107	1569618207107
REQUEST	152		SmokeTest	1569618206099	1569618207364	OK	 
USER	SmokeTest	152	END	1569618206098	1569618207368
USER	SmokeTest	161	START	1569618207368	1569618207368
REQUEST	154		SmokeTest	1569618206498	1569618207387	OK	 
USER	SmokeTest	154	END	1569618206497	1569618207393
USER	SmokeTest	162	START	1569618207393	1569618207393
REQUEST	155		SmokeTest	1569618206652	1569618207650	OK	 
USER	SmokeTest	155	END	1569618206651	1569618207656
REQUEST	159		SmokeTest	1569618206867	1569618207652	OK	 
USER	SmokeTest	163	START	1569618207656	1569618207656
USER	SmokeTest	159	END	1569618206866	1569618207658
USER	SmokeTest	164	START	1569618207658	1569618207658
REQUEST	156		SmokeTest	1569618206727	1569618207650	OK	 
USER	SmokeTest	156	END	1569618206727	1569618207665
USER	SmokeTest	165	START	1569618207665	1569618207665
REQUEST	160		SmokeTest	1569618207107	1569618208051	OK	 
USER	SmokeTest	160	END	1569618207107	1569618208057
USER	SmokeTest	166	START	1569618208057	1569618208057
REQUEST	162		SmokeTest	1569618207393	1569618208275	OK	 
USER	SmokeTest	162	END	1569618207393	1569618208281
USER	SmokeTest	167	START	1569618208282	1569618208282
REQUEST	161		SmokeTest	1569618207368	1569618208354	OK	 
USER	SmokeTest	161	END	1569618207368	1569618208358
USER	SmokeTest	168	START	1569618208358	1569618208358
REQUEST	158		SmokeTest	1569618206865	1569618208468	OK	 
USER	SmokeTest	158	END	1569618206864	1569618208476
USER	SmokeTest	169	START	1569618208476	1569618208476
REQUEST	163		SmokeTest	1569618207657	1569618208490	OK	 
USER	SmokeTest	163	END	1569618207656	1569618208493
USER	SmokeTest	170	START	1569618208493	1569618208493
REQUEST	165		SmokeTest	1569618207665	1569618208578	OK	 
USER	SmokeTest	165	END	1569618207665	1569618208582
USER	SmokeTest	171	START	1569618208582	1569618208582
REQUEST	164		SmokeTest	1569618207659	1569618208595	OK	 
USER	SmokeTest	164	END	1569618207658	1569618208602
USER	SmokeTest	172	START	1569618208602	1569618208602
REQUEST	157		SmokeTest	1569618206840	1569618208937	OK	 
USER	SmokeTest	157	END	1569618206840	1569618208942
USER	SmokeTest	173	START	1569618208942	1569618208942
REQUEST	166		SmokeTest	1569618208057	1569618209023	OK	 
USER	SmokeTest	166	END	1569618208057	1569618209028
USER	SmokeTest	174	START	1569618209028	1569618209028
REQUEST	167		SmokeTest	1569618208283	1569618209068	OK	 
USER	SmokeTest	167	END	1569618208282	1569618209074
USER	SmokeTest	175	START	1569618209074	1569618209074
REQUEST	168		SmokeTest	1569618208359	1569618209075	OK	 
USER	SmokeTest	168	END	1569618208358	1569618209079
USER	SmokeTest	176	START	1569618209079	1569618209079
REQUEST	169		SmokeTest	1569618208477	1569618209276	OK	 
USER	SmokeTest	169	END	1569618208476	1569618209283
USER	SmokeTest	177	START	1569618209283	1569618209283
REQUEST	170		SmokeTest	1569618208494	1569618209360	OK	 
USER	SmokeTest	170	END	1569618208493	1569618209365
USER	SmokeTest	178	START	1569618209365	1569618209365
REQUEST	171		SmokeTest	1569618208582	1569618209384	OK	 
USER	SmokeTest	171	END	1569618208582	1569618209388
USER	SmokeTest	179	START	1569618209388	1569618209388
REQUEST	172		SmokeTest	1569618208603	1569618209567	OK	 
USER	SmokeTest	172	END	1569618208602	1569618209572
USER	SmokeTest	180	START	1569618209572	1569618209572
REQUEST	174		SmokeTest	1569618209029	1569618209795	OK	 
USER	SmokeTest	174	END	1569618209028	1569618209799
USER	SmokeTest	181	START	1569618209800	1569618209800
REQUEST	175		SmokeTest	1569618209074	1569618209812	OK	 
USER	SmokeTest	175	END	1569618209074	1569618209816
USER	SmokeTest	182	START	1569618209816	1569618209816
REQUEST	176		SmokeTest	1569618209079	1569618210010	OK	 
USER	SmokeTest	176	END	1569618209079	1569618210016
REQUEST	177		SmokeTest	1569618209284	1569618210016	OK	 
REQUEST	173		SmokeTest	1569618208943	1569618210020	OK	 
USER	SmokeTest	183	START	1569618210017	1569618210017
USER	SmokeTest	177	END	1569618209283	1569618210023
USER	SmokeTest	184	START	1569618210027	1569618210027
USER	SmokeTest	173	END	1569618208942	1569618210026
USER	SmokeTest	185	START	1569618210028	1569618210028
REQUEST	179		SmokeTest	1569618209389	1569618210117	OK	 
USER	SmokeTest	179	END	1569618209388	1569618210121
USER	SmokeTest	186	START	1569618210121	1569618210121
REQUEST	178		SmokeTest	1569618209365	1569618210144	OK	 
USER	SmokeTest	178	END	1569618209365	1569618210154
USER	SmokeTest	187	START	1569618210154	1569618210154
REQUEST	180		SmokeTest	1569618209573	1569618210297	OK	 
USER	SmokeTest	180	END	1569618209572	1569618210301
USER	SmokeTest	188	START	1569618210301	1569618210301
REQUEST	181		SmokeTest	1569618209801	1569618210634	OK	 
USER	SmokeTest	181	END	1569618209800	1569618210639
USER	SmokeTest	189	START	1569618210640	1569618210640
REQUEST	183		SmokeTest	1569618210018	1569618210727	OK	 
USER	SmokeTest	183	END	1569618210017	1569618210734
USER	SmokeTest	190	START	1569618210734	1569618210734
REQUEST	184		SmokeTest	1569618210028	1569618210774	OK	 
USER	SmokeTest	184	END	1569618210027	1569618210778
USER	SmokeTest	191	START	1569618210779	1569618210779
REQUEST	186		SmokeTest	1569618210122	1569618210839	OK	 
USER	SmokeTest	186	END	1569618210121	1569618210843
USER	SmokeTest	192	START	1569618210843	1569618210843
REQUEST	182		SmokeTest	1569618209817	1569618210938	OK	 
USER	SmokeTest	182	END	1569618209816	1569618210948
USER	SmokeTest	193	START	1569618210949	1569618210949
REQUEST	187		SmokeTest	1569618210155	1569618210948	OK	 
USER	SmokeTest	187	END	1569618210154	1569618210953
USER	SmokeTest	194	START	1569618210953	1569618210953
REQUEST	185		SmokeTest	1569618210029	1569618211037	OK	 
USER	SmokeTest	185	END	1569618210028	1569618211046
REQUEST	188		SmokeTest	1569618210302	1569618211037	OK	 
USER	SmokeTest	195	START	1569618211048	1569618211048
USER	SmokeTest	188	END	1569618210301	1569618211050
USER	SmokeTest	196	START	1569618211051	1569618211051
REQUEST	189		SmokeTest	1569618210640	1569618211459	OK	 
USER	SmokeTest	189	END	1569618210640	1569618211466
USER	SmokeTest	197	START	1569618211466	1569618211466
REQUEST	191		SmokeTest	1569618210780	1569618211585	OK	 
USER	SmokeTest	191	END	1569618210779	1569618211590
USER	SmokeTest	198	START	1569618211590	1569618211590
REQUEST	192		SmokeTest	1569618210844	1569618211727	OK	 
USER	SmokeTest	192	END	1569618210843	1569618211732
USER	SmokeTest	199	START	1569618211732	1569618211732
REQUEST	195		SmokeTest	1569618211050	1569618211804	OK	 
REQUEST	196		SmokeTest	1569618211051	1569618211800	OK	 
REQUEST	190		SmokeTest	1569618210735	1569618211819	OK	 
USER	SmokeTest	190	END	1569618210734	1569618211836
USER	SmokeTest	200	START	1569618211840	1569618211840
USER	SmokeTest	195	END	1569618211048	1569618211843
USER	SmokeTest	201	START	1569618211844	1569618211844
USER	SmokeTest	196	END	1569618211051	1569618211891
USER	SmokeTest	202	START	1569618211891	1569618211891
REQUEST	193		SmokeTest	1569618210950	1569618212172	OK	 
USER	SmokeTest	193	END	1569618210949	1569618212177
USER	SmokeTest	203	START	1569618212177	1569618212177
REQUEST	197		SmokeTest	1569618211466	1569618212199	OK	 
USER	SmokeTest	197	END	1569618211466	1569618212206
USER	SmokeTest	204	START	1569618212206	1569618212206
REQUEST	194		SmokeTest	1569618210955	1569618212370	OK	 
USER	SmokeTest	194	END	1569618210953	1569618212375
USER	SmokeTest	205	START	1569618212375	1569618212375
REQUEST	199		SmokeTest	1569618211733	1569618212569	OK	 
USER	SmokeTest	199	END	1569618211732	1569618212573
USER	SmokeTest	206	START	1569618212573	1569618212573
REQUEST	198		SmokeTest	1569618211591	1569618212582	OK	 
USER	SmokeTest	198	END	1569618211590	1569618212589
USER	SmokeTest	207	START	1569618212590	1569618212590
REQUEST	201		SmokeTest	1569618211845	1569618212676	OK	 
USER	SmokeTest	201	END	1569618211844	1569618212680
USER	SmokeTest	208	START	1569618212681	1569618212681
REQUEST	202		SmokeTest	1569618211892	1569618212749	OK	 
USER	SmokeTest	202	END	1569618211891	1569618212754
USER	SmokeTest	209	START	1569618212754	1569618212754
REQUEST	204		SmokeTest	1569618212207	1569618213012	OK	 
USER	SmokeTest	204	END	1569618212206	1569618213047
REQUEST	203		SmokeTest	1569618212177	1569618213011	OK	 
USER	SmokeTest	210	START	1569618213047	1569618213047
USER	SmokeTest	203	END	1569618212177	1569618213051
USER	SmokeTest	211	START	1569618213051	1569618213051
REQUEST	205		SmokeTest	1569618212376	1569618213113	OK	 
USER	SmokeTest	205	END	1569618212375	1569618213118
USER	SmokeTest	212	START	1569618213118	1569618213118
REQUEST	206		SmokeTest	1569618212574	1569618213298	OK	 
USER	SmokeTest	206	END	1569618212573	1569618213303
USER	SmokeTest	213	START	1569618213303	1569618213303
REQUEST	208		SmokeTest	1569618212681	1569618213468	OK	 
USER	SmokeTest	208	END	1569618212681	1569618213474
USER	SmokeTest	214	START	1569618213474	1569618213474
REQUEST	200		SmokeTest	1569618211841	1569618213555	OK	 
USER	SmokeTest	200	END	1569618211840	1569618213561
USER	SmokeTest	215	START	1569618213561	1569618213561
REQUEST	209		SmokeTest	1569618212754	1569618213585	OK	 
USER	SmokeTest	209	END	1569618212754	1569618213590
USER	SmokeTest	216	START	1569618213591	1569618213591
REQUEST	207		SmokeTest	1569618212590	1569618213607	OK	 
USER	SmokeTest	207	END	1569618212590	1569618213611
USER	SmokeTest	217	START	1569618213612	1569618213612
REQUEST	211		SmokeTest	1569618213052	1569618213827	OK	 
USER	SmokeTest	211	END	1569618213051	1569618213832
USER	SmokeTest	218	START	1569618213832	1569618213832
REQUEST	212		SmokeTest	1569618213119	1569618213881	OK	 
USER	SmokeTest	212	END	1569618213118	1569618213887
REQUEST	210		SmokeTest	1569618213050	1569618213883	OK	 
USER	SmokeTest	219	START	1569618213888	1569618213888
USER	SmokeTest	210	END	1569618213047	1569618213890
USER	SmokeTest	220	START	1569618213891	1569618213891
REQUEST	213		SmokeTest	1569618213304	1569618214020	OK	 
USER	SmokeTest	213	END	1569618213303	1569618214026
USER	SmokeTest	221	START	1569618214026	1569618214026
REQUEST	214		SmokeTest	1569618213475	1569618214211	OK	 
USER	SmokeTest	214	END	1569618213474	1569618214217
USER	SmokeTest	222	START	1569618214217	1569618214217
REQUEST	217		SmokeTest	1569618213612	1569618214335	OK	 
USER	SmokeTest	217	END	1569618213612	1569618214339
USER	SmokeTest	223	START	1569618214339	1569618214339
REQUEST	215		SmokeTest	1569618213561	1569618214393	OK	 
USER	SmokeTest	215	END	1569618213561	1569618214400
REQUEST	216		SmokeTest	1569618213591	1569618214394	OK	 
USER	SmokeTest	224	START	1569618214400	1569618214400
USER	SmokeTest	216	END	1569618213591	1569618214402
USER	SmokeTest	225	START	1569618214402	1569618214402
REQUEST	220		SmokeTest	1569618213892	1569618214698	OK	 
USER	SmokeTest	220	END	1569618213891	1569618214704
USER	SmokeTest	226	START	1569618214704	1569618214704
REQUEST	221		SmokeTest	1569618214026	1569618214747	OK	 
USER	SmokeTest	221	END	1569618214026	1569618214751
USER	SmokeTest	227	START	1569618214751	1569618214751
REQUEST	219		SmokeTest	1569618213890	1569618214782	OK	 
USER	SmokeTest	219	END	1569618213888	1569618214787
USER	SmokeTest	228	START	1569618214787	1569618214787
REQUEST	218		SmokeTest	1569618213832	1569618214809	OK	 
USER	SmokeTest	218	END	1569618213832	1569618214813
USER	SmokeTest	229	START	1569618214813	1569618214813
REQUEST	222		SmokeTest	1569618214217	1569618215006	OK	 
USER	SmokeTest	222	END	1569618214217	1569618215011
USER	SmokeTest	230	START	1569618215011	1569618215011
REQUEST	223		SmokeTest	1569618214340	1569618215066	OK	 
USER	SmokeTest	223	END	1569618214339	1569618215070
USER	SmokeTest	231	START	1569618215070	1569618215070
REQUEST	224		SmokeTest	1569618214402	1569618215154	OK	 
USER	SmokeTest	224	END	1569618214400	1569618215158
USER	SmokeTest	232	START	1569618215158	1569618215158
REQUEST	225		SmokeTest	1569618214403	1569618215334	OK	 
USER	SmokeTest	225	END	1569618214402	1569618215338
USER	SmokeTest	233	START	1569618215338	1569618215338
REQUEST	226		SmokeTest	1569618214705	1569618215526	OK	 
USER	SmokeTest	226	END	1569618214704	1569618215531
USER	SmokeTest	234	START	1569618215532	1569618215532
REQUEST	228		SmokeTest	1569618214788	1569618215604	OK	 
USER	SmokeTest	228	END	1569618214787	1569618215608
USER	SmokeTest	235	START	1569618215608	1569618215608
REQUEST	229		SmokeTest	1569618214814	1569618215633	OK	 
USER	SmokeTest	229	END	1569618214813	1569618215637
USER	SmokeTest	236	START	1569618215637	1569618215637
REQUEST	231		SmokeTest	1569618215070	1569618215872	OK	 
USER	SmokeTest	231	END	1569618215070	1569618215876
USER	SmokeTest	237	START	1569618215876	1569618215876
REQUEST	232		SmokeTest	1569618215159	1569618216067	OK	 
USER	SmokeTest	232	END	1569618215158	1569618216073
USER	SmokeTest	238	START	1569618216073	1569618216073
REQUEST	234		SmokeTest	1569618215532	1569618216257	OK	 
USER	SmokeTest	234	END	1569618215532	1569618216265
USER	SmokeTest	239	START	1569618216266	1569618216266
REQUEST	230		SmokeTest	1569618215012	1569618216296	OK	 
USER	SmokeTest	230	END	1569618215011	1569618216302
USER	SmokeTest	240	START	1569618216302	1569618216302
REQUEST	236		SmokeTest	1569618215638	1569618216339	OK	 
USER	SmokeTest	236	END	1569618215637	1569618216343
USER	SmokeTest	241	START	1569618216343	1569618216343
REQUEST	235		SmokeTest	1569618215608	1569618216538	OK	 
USER	SmokeTest	235	END	1569618215608	1569618216543
USER	SmokeTest	242	START	1569618216543	1569618216543
REQUEST	237		SmokeTest	1569618215877	1569618216575	OK	 
USER	SmokeTest	237	END	1569618215876	1569618216579
USER	SmokeTest	243	START	1569618216579	1569618216579
REQUEST	227		SmokeTest	1569618214752	1569618216626	OK	 
USER	SmokeTest	227	END	1569618214751	1569618216630
USER	SmokeTest	244	START	1569618216630	1569618216630
REQUEST	233		SmokeTest	1569618215339	1569618216728	OK	 
USER	SmokeTest	233	END	1569618215338	1569618216733
USER	SmokeTest	245	START	1569618216733	1569618216733
REQUEST	241		SmokeTest	1569618216344	1569618217057	OK	 
USER	SmokeTest	241	END	1569618216343	1569618217061
USER	SmokeTest	246	START	1569618217061	1569618217061
REQUEST	239		SmokeTest	1569618216267	1569618217144	OK	 
USER	SmokeTest	239	END	1569618216266	1569618217147
USER	SmokeTest	247	START	1569618217147	1569618217147
REQUEST	238		SmokeTest	1569618216074	1569618217161	OK	 
USER	SmokeTest	238	END	1569618216073	1569618217165
USER	SmokeTest	248	START	1569618217166	1569618217166
REQUEST	240		SmokeTest	1569618216303	1569618217218	OK	 
USER	SmokeTest	240	END	1569618216302	1569618217224
USER	SmokeTest	249	START	1569618217224	1569618217224
REQUEST	242		SmokeTest	1569618216543	1569618217372	OK	 
USER	SmokeTest	242	END	1569618216543	1569618217379
USER	SmokeTest	250	START	1569618217379	1569618217379
REQUEST	243		SmokeTest	1569618216580	1569618217379	OK	 
USER	SmokeTest	243	END	1569618216579	1569618217383
USER	SmokeTest	251	START	1569618217383	1569618217383
REQUEST	244		SmokeTest	1569618216630	1569618217596	OK	 
USER	SmokeTest	244	END	1569618216630	1569618217600
USER	SmokeTest	252	START	1569618217601	1569618217601
REQUEST	245		SmokeTest	1569618216734	1569618217691	OK	 
USER	SmokeTest	245	END	1569618216733	1569618217695
USER	SmokeTest	253	START	1569618217695	1569618217695
REQUEST	246		SmokeTest	1569618217062	1569618217797	OK	 
USER	SmokeTest	246	END	1569618217061	1569618217802
USER	SmokeTest	254	START	1569618217803	1569618217803
REQUEST	248		SmokeTest	1569618217187	1569618217999	OK	 
USER	SmokeTest	248	END	1569618217166	1569618218018
USER	SmokeTest	255	START	1569618218018	1569618218018
REQUEST	250		SmokeTest	1569618217380	1569618218232	OK	 
USER	SmokeTest	250	END	1569618217379	1569618218242
REQUEST	249		SmokeTest	1569618217225	1569618218233	OK	 
USER	SmokeTest	256	START	1569618218242	1569618218242
USER	SmokeTest	249	END	1569618217224	1569618218245
REQUEST	247		SmokeTest	1569618217148	1569618218245	OK	 
USER	SmokeTest	257	START	1569618218249	1569618218249
USER	SmokeTest	247	END	1569618217147	1569618218250
USER	SmokeTest	258	START	1569618218251	1569618218251
REQUEST	251		SmokeTest	1569618217384	1569618218332	OK	 
USER	SmokeTest	251	END	1569618217383	1569618218350
USER	SmokeTest	259	START	1569618218358	1569618218358
REQUEST	253		SmokeTest	1569618217696	1569618218632	OK	 
USER	SmokeTest	253	END	1569618217695	1569618218651
USER	SmokeTest	260	START	1569618218651	1569618218651
USER	SmokeTest	261	START	1569618218854	1569618218854
REQUEST	255		SmokeTest	1569618218019	1569618218875	OK	 
USER	SmokeTest	255	END	1569618218018	1569618218880
USER	SmokeTest	262	START	1569618218881	1569618218881
REQUEST	254		SmokeTest	1569618217806	1569618218941	OK	 
USER	SmokeTest	254	END	1569618217803	1569618218946
USER	SmokeTest	263	START	1569618218946	1569618218946
REQUEST	256		SmokeTest	1569618218246	1569618218966	OK	 
USER	SmokeTest	256	END	1569618218242	1569618218976
USER	SmokeTest	264	START	1569618218976	1569618218976
REQUEST	257		SmokeTest	1569618218250	1569618219056	OK	 
USER	SmokeTest	257	END	1569618218249	1569618219064
USER	SmokeTest	265	START	1569618219067	1569618219067
REQUEST	259		SmokeTest	1569618218359	1569618219337	OK	 
USER	SmokeTest	259	END	1569618218358	1569618219353
USER	SmokeTest	266	START	1569618219353	1569618219353
REQUEST	260		SmokeTest	1569618218652	1569618219644	OK	 
USER	SmokeTest	260	END	1569618218651	1569618219653
USER	SmokeTest	267	START	1569618219653	1569618219653
REQUEST	261		SmokeTest	1569618218857	1569618219678	OK	 
USER	SmokeTest	261	END	1569618218854	1569618219683
USER	SmokeTest	268	START	1569618219683	1569618219683
REQUEST	252		SmokeTest	1569618217601	1569618219778	OK	 
USER	SmokeTest	252	END	1569618217601	1569618219783
USER	SmokeTest	269	START	1569618219786	1569618219786
REQUEST	262		SmokeTest	1569618218881	1569618219846	OK	 
USER	SmokeTest	262	END	1569618218881	1569618219850
USER	SmokeTest	270	START	1569618219850	1569618219850
REQUEST	264		SmokeTest	1569618218977	1569618219875	OK	 
USER	SmokeTest	264	END	1569618218976	1569618219880
USER	SmokeTest	271	START	1569618219881	1569618219881
REQUEST	258		SmokeTest	1569618218251	1569618220051	OK	 
USER	SmokeTest	258	END	1569618218251	1569618220056
USER	SmokeTest	272	START	1569618220056	1569618220056
REQUEST	263		SmokeTest	1569618218947	1569618220120	OK	 
USER	SmokeTest	263	END	1569618218946	1569618220126
USER	SmokeTest	273	START	1569618220126	1569618220126
REQUEST	268		SmokeTest	1569618219684	1569618220513	OK	 
USER	SmokeTest	268	END	1569618219683	1569618220517
USER	SmokeTest	274	START	1569618220517	1569618220517
REQUEST	265		SmokeTest	1569618219068	1569618220595	OK	 
USER	SmokeTest	265	END	1569618219067	1569618220599
USER	SmokeTest	275	START	1569618220600	1569618220600
REQUEST	271		SmokeTest	1569618219882	1569618220602	OK	 
USER	SmokeTest	271	END	1569618219881	1569618220608
USER	SmokeTest	276	START	1569618220611	1569618220611
REQUEST	270		SmokeTest	1569618219850	1569618220690	OK	 
USER	SmokeTest	270	END	1569618219850	1569618220707
USER	SmokeTest	277	START	1569618220707	1569618220707
REQUEST	267		SmokeTest	1569618219654	1569618220798	OK	 
USER	SmokeTest	267	END	1569618219653	1569618220815
USER	SmokeTest	278	START	1569618220824	1569618220824
REQUEST	266		SmokeTest	1569618219354	1569618220863	OK	 
USER	SmokeTest	266	END	1569618219353	1569618220867
USER	SmokeTest	279	START	1569618220867	1569618220867
REQUEST	269		SmokeTest	1569618219787	1569618220981	OK	 
USER	SmokeTest	269	END	1569618219786	1569618220996
USER	SmokeTest	280	START	1569618220996	1569618220996
REQUEST	272		SmokeTest	1569618220057	1569618220995	OK	 
USER	SmokeTest	272	END	1569618220056	1569618221002
USER	SmokeTest	281	START	1569618221003	1569618221003
REQUEST	276		SmokeTest	1569618220611	1569618221519	OK	 
USER	SmokeTest	276	END	1569618220611	1569618221529
REQUEST	277		SmokeTest	1569618220708	1569618221520	OK	 
USER	SmokeTest	282	START	1569618221530	1569618221530
USER	SmokeTest	277	END	1569618220707	1569618221532
USER	SmokeTest	283	START	1569618221532	1569618221532
REQUEST	278		SmokeTest	1569618220825	1569618221583	OK	 
USER	SmokeTest	278	END	1569618220824	1569618221589
USER	SmokeTest	284	START	1569618221589	1569618221589
REQUEST	279		SmokeTest	1569618220868	1569618221688	OK	 
USER	SmokeTest	279	END	1569618220867	1569618221700
USER	SmokeTest	285	START	1569618221701	1569618221701
REQUEST	275		SmokeTest	1569618220600	1569618221762	OK	 
USER	SmokeTest	275	END	1569618220600	1569618221767
USER	SmokeTest	286	START	1569618221768	1569618221768
REQUEST	281		SmokeTest	1569618221003	1569618221772	OK	 
USER	SmokeTest	281	END	1569618221003	1569618221777
USER	SmokeTest	287	START	1569618221777	1569618221777
REQUEST	280		SmokeTest	1569618220997	1569618221786	OK	 
USER	SmokeTest	280	END	1569618220996	1569618221790
USER	SmokeTest	288	START	1569618221791	1569618221791
REQUEST	274		SmokeTest	1569618220518	1569618222398	OK	 
USER	SmokeTest	274	END	1569618220517	1569618222402
USER	SmokeTest	289	START	1569618222402	1569618222402
REQUEST	284		SmokeTest	1569618221590	1569618222512	OK	 
USER	SmokeTest	284	END	1569618221589	1569618222516
USER	SmokeTest	290	START	1569618222516	1569618222516
REQUEST	287		SmokeTest	1569618221777	1569618222644	OK	 
USER	SmokeTest	287	END	1569618221777	1569618222647
USER	SmokeTest	291	START	1569618222647	1569618222647
REQUEST	273		SmokeTest	1569618220127	1569618222682	OK	 
USER	SmokeTest	273	END	1569618220126	1569618222685
USER	SmokeTest	292	START	1569618222685	1569618222685
REQUEST	286		SmokeTest	1569618221769	1569618222698	OK	 
USER	SmokeTest	286	END	1569618221768	1569618222702
USER	SmokeTest	293	START	1569618222702	1569618222702
REQUEST	288		SmokeTest	1569618221791	1569618222732	OK	 
USER	SmokeTest	288	END	1569618221791	1569618222736
USER	SmokeTest	294	START	1569618222736	1569618222736
REQUEST	283		SmokeTest	1569618221533	1569618222770	OK	 
USER	SmokeTest	283	END	1569618221532	1569618222775
USER	SmokeTest	295	START	1569618222775	1569618222775
REQUEST	285		SmokeTest	1569618221702	1569618222799	OK	 
USER	SmokeTest	285	END	1569618221701	1569618222803
USER	SmokeTest	296	START	1569618222803	1569618222803
REQUEST	282		SmokeTest	1569618221532	1569618222859	OK	 
USER	SmokeTest	282	END	1569618221530	1569618222866
USER	SmokeTest	297	START	1569618222866	1569618222866
REQUEST	289		SmokeTest	1569618222403	1569618223212	OK	 
USER	SmokeTest	289	END	1569618222402	1569618223221
USER	SmokeTest	298	START	1569618223221	1569618223221
REQUEST	290		SmokeTest	1569618222517	1569618223230	OK	 
USER	SmokeTest	290	END	1569618222516	1569618223234
USER	SmokeTest	299	START	1569618223234	1569618223234
REQUEST	293		SmokeTest	1569618222702	1569618223471	OK	 
USER	SmokeTest	293	END	1569618222702	1569618223477
USER	SmokeTest	300	START	1569618223477	1569618223477
REQUEST	291		SmokeTest	1569618222648	1569618223533	OK	 
USER	SmokeTest	291	END	1569618222647	1569618223536
USER	SmokeTest	301	START	1569618223536	1569618223536
REQUEST	292		SmokeTest	1569618222686	1569618223556	OK	 
USER	SmokeTest	292	END	1569618222685	1569618223564
USER	SmokeTest	302	START	1569618223564	1569618223564
REQUEST	294		SmokeTest	1569618222736	1569618223584	OK	 
USER	SmokeTest	294	END	1569618222736	1569618223588
USER	SmokeTest	303	START	1569618223589	1569618223589
REQUEST	296		SmokeTest	1569618222804	1569618223660	OK	 
USER	SmokeTest	296	END	1569618222803	1569618223664
USER	SmokeTest	304	START	1569618223665	1569618223665
REQUEST	295		SmokeTest	1569618222776	1569618223664	OK	 
USER	SmokeTest	295	END	1569618222775	1569618223669
USER	SmokeTest	305	START	1569618223669	1569618223669
REQUEST	297		SmokeTest	1569618222867	1569618223828	OK	 
USER	SmokeTest	297	END	1569618222866	1569618223833
USER	SmokeTest	306	START	1569618223833	1569618223833
REQUEST	299		SmokeTest	1569618223235	1569618224019	OK	 
USER	SmokeTest	299	END	1569618223234	1569618224022
USER	SmokeTest	307	START	1569618224023	1569618224023
REQUEST	301		SmokeTest	1569618223537	1569618224278	OK	 
USER	SmokeTest	301	END	1569618223536	1569618224282
USER	SmokeTest	308	START	1569618224282	1569618224282
REQUEST	303		SmokeTest	1569618223589	1569618224298	OK	 
USER	SmokeTest	303	END	1569618223589	1569618224302
USER	SmokeTest	309	START	1569618224303	1569618224303
REQUEST	298		SmokeTest	1569618223222	1569618224348	OK	 
USER	SmokeTest	298	END	1569618223221	1569618224352
USER	SmokeTest	310	START	1569618224352	1569618224352
REQUEST	300		SmokeTest	1569618223478	1569618224354	OK	 
USER	SmokeTest	300	END	1569618223477	1569618224358
USER	SmokeTest	311	START	1569618224358	1569618224358
REQUEST	304		SmokeTest	1569618223666	1569618224449	OK	 
USER	SmokeTest	304	END	1569618223665	1569618224452
USER	SmokeTest	312	START	1569618224453	1569618224453
REQUEST	305		SmokeTest	1569618223670	1569618224492	OK	 
USER	SmokeTest	305	END	1569618223669	1569618224497
USER	SmokeTest	313	START	1569618224497	1569618224497
REQUEST	306		SmokeTest	1569618223834	1569618224770	OK	 
USER	SmokeTest	306	END	1569618223833	1569618224776
USER	SmokeTest	314	START	1569618224777	1569618224777
REQUEST	302		SmokeTest	1569618223565	1569618224871	OK	 
USER	SmokeTest	302	END	1569618223564	1569618224877
USER	SmokeTest	315	START	1569618224878	1569618224878
REQUEST	307		SmokeTest	1569618224023	1569618224885	OK	 
USER	SmokeTest	307	END	1569618224023	1569618224890
USER	SmokeTest	316	START	1569618224891	1569618224891
REQUEST	309		SmokeTest	1569618224303	1569618225192	OK	 
USER	SmokeTest	309	END	1569618224303	1569618225207
USER	SmokeTest	317	START	1569618225209	1569618225209
REQUEST	313		SmokeTest	1569618224498	1569618225300	OK	 
USER	SmokeTest	313	END	1569618224497	1569618225312
USER	SmokeTest	318	START	1569618225312	1569618225312
REQUEST	312		SmokeTest	1569618224453	1569618225370	OK	 
USER	SmokeTest	312	END	1569618224453	1569618225385
USER	SmokeTest	319	START	1569618225385	1569618225385
REQUEST	310		SmokeTest	1569618224352	1569618225386	OK	 
USER	SmokeTest	310	END	1569618224352	1569618225395
USER	SmokeTest	320	START	1569618225395	1569618225395
REQUEST	308		SmokeTest	1569618224283	1569618225454	OK	 
USER	SmokeTest	308	END	1569618224282	1569618225462
USER	SmokeTest	321	START	1569618225462	1569618225462
REQUEST	314		SmokeTest	1569618224777	1569618225539	OK	 
USER	SmokeTest	314	END	1569618224777	1569618225543
USER	SmokeTest	322	START	1569618225544	1569618225544
REQUEST	316		SmokeTest	1569618224892	1569618225657	OK	 
USER	SmokeTest	316	END	1569618224891	1569618225661
USER	SmokeTest	323	START	1569618225661	1569618225661
REQUEST	311		SmokeTest	1569618224358	1569618225897	OK	 
USER	SmokeTest	311	END	1569618224358	1569618225909
USER	SmokeTest	324	START	1569618225909	1569618225909
REQUEST	319		SmokeTest	1569618225386	1569618226212	OK	 
USER	SmokeTest	319	END	1569618225385	1569618226218
USER	SmokeTest	325	START	1569618226218	1569618226218
REQUEST	320		SmokeTest	1569618225396	1569618226226	OK	 
USER	SmokeTest	320	END	1569618225395	1569618226230
USER	SmokeTest	326	START	1569618226230	1569618226230
REQUEST	315		SmokeTest	1569618224879	1569618226273	OK	 
USER	SmokeTest	315	END	1569618224878	1569618226276
USER	SmokeTest	327	START	1569618226276	1569618226276
REQUEST	318		SmokeTest	1569618225313	1569618226282	OK	 
USER	SmokeTest	318	END	1569618225312	1569618226285
USER	SmokeTest	328	START	1569618226285	1569618226285
REQUEST	321		SmokeTest	1569618225462	1569618226320	OK	 
USER	SmokeTest	321	END	1569618225462	1569618226324
USER	SmokeTest	329	START	1569618226324	1569618226324
REQUEST	322		SmokeTest	1569618225544	1569618226535	OK	 
USER	SmokeTest	322	END	1569618225544	1569618226539
USER	SmokeTest	330	START	1569618226540	1569618226540
REQUEST	323		SmokeTest	1569618225662	1569618226543	OK	 
USER	SmokeTest	323	END	1569618225661	1569618226549
USER	SmokeTest	331	START	1569618226549	1569618226549
REQUEST	317		SmokeTest	1569618225212	1569618226904	OK	 
USER	SmokeTest	317	END	1569618225209	1569618226914
USER	SmokeTest	332	START	1569618226914	1569618226914
REQUEST	325		SmokeTest	1569618226219	1569618227015	OK	 
USER	SmokeTest	325	END	1569618226218	1569618227022
REQUEST	327		SmokeTest	1569618226277	1569618227023	OK	 
USER	SmokeTest	333	START	1569618227023	1569618227023
USER	SmokeTest	327	END	1569618226276	1569618227031
USER	SmokeTest	334	START	1569618227035	1569618227035
REQUEST	328		SmokeTest	1569618226286	1569618227169	OK	 
USER	SmokeTest	328	END	1569618226285	1569618227174
USER	SmokeTest	335	START	1569618227175	1569618227175
REQUEST	329		SmokeTest	1569618226324	1569618227268	OK	 
USER	SmokeTest	329	END	1569618226324	1569618227271
USER	SmokeTest	336	START	1569618227271	1569618227271
REQUEST	324		SmokeTest	1569618225911	1569618227298	OK	 
USER	SmokeTest	324	END	1569618225909	1569618227302
USER	SmokeTest	337	START	1569618227302	1569618227302
REQUEST	330		SmokeTest	1569618226540	1569618227398	OK	 
USER	SmokeTest	330	END	1569618226540	1569618227403
REQUEST	331		SmokeTest	1569618226549	1569618227404	OK	 
REQUEST	326		SmokeTest	1569618226231	1569618227404	OK	 
USER	SmokeTest	338	START	1569618227408	1569618227408
USER	SmokeTest	331	END	1569618226549	1569618227409
USER	SmokeTest	339	START	1569618227411	1569618227411
USER	SmokeTest	326	END	1569618226230	1569618227411
USER	SmokeTest	340	START	1569618227412	1569618227412
REQUEST	332		SmokeTest	1569618226915	1569618227841	OK	 
USER	SmokeTest	332	END	1569618226914	1569618227844
USER	SmokeTest	341	START	1569618227845	1569618227845
REQUEST	333		SmokeTest	1569618227024	1569618227858	OK	 
USER	SmokeTest	333	END	1569618227023	1569618227863
USER	SmokeTest	342	START	1569618227863	1569618227863
REQUEST	335		SmokeTest	1569618227175	1569618227926	OK	 
USER	SmokeTest	335	END	1569618227175	1569618227931
USER	SmokeTest	343	START	1569618227931	1569618227931
REQUEST	334		SmokeTest	1569618227037	1569618227953	OK	 
USER	SmokeTest	334	END	1569618227035	1569618227957
REQUEST	336		SmokeTest	1569618227272	1569618227966	OK	 
USER	SmokeTest	344	START	1569618227968	1569618227968
USER	SmokeTest	336	END	1569618227271	1569618227973
USER	SmokeTest	345	START	1569618227975	1569618227975
REQUEST	338		SmokeTest	1569618227411	1569618228215	OK	 
USER	SmokeTest	338	END	1569618227408	1569618228227
USER	SmokeTest	346	START	1569618228232	1569618228232
REQUEST	339		SmokeTest	1569618227412	1569618228278	OK	 
USER	SmokeTest	339	END	1569618227411	1569618228284
USER	SmokeTest	347	START	1569618228285	1569618228285
REQUEST	337		SmokeTest	1569618227302	1569618228284	OK	 
USER	SmokeTest	337	END	1569618227302	1569618228289
USER	SmokeTest	348	START	1569618228289	1569618228289
REQUEST	340		SmokeTest	1569618227413	1569618228376	OK	 
USER	SmokeTest	340	END	1569618227412	1569618228380
USER	SmokeTest	349	START	1569618228381	1569618228381
REQUEST	342		SmokeTest	1569618227864	1569618228788	OK	 
USER	SmokeTest	342	END	1569618227863	1569618228793
USER	SmokeTest	350	START	1569618228793	1569618228793
REQUEST	345		SmokeTest	1569618227975	1569618229011	OK	 
USER	SmokeTest	345	END	1569618227975	1569618229015
USER	SmokeTest	351	START	1569618229015	1569618229015
REQUEST	346		SmokeTest	1569618228233	1569618229038	OK	 
USER	SmokeTest	346	END	1569618228232	1569618229043
USER	SmokeTest	352	START	1569618229043	1569618229043
REQUEST	348		SmokeTest	1569618228290	1569618229049	OK	 
USER	SmokeTest	348	END	1569618228289	1569618229052
USER	SmokeTest	353	START	1569618229052	1569618229052
REQUEST	344		SmokeTest	1569618227974	1569618229086	OK	 
USER	SmokeTest	344	END	1569618227968	1569618229091
USER	SmokeTest	354	START	1569618229091	1569618229091
REQUEST	341		SmokeTest	1569618227845	1569618229140	OK	 
USER	SmokeTest	341	END	1569618227845	1569618229146
USER	SmokeTest	355	START	1569618229152	1569618229152
REQUEST	347		SmokeTest	1569618228285	1569618229194	OK	 
USER	SmokeTest	347	END	1569618228285	1569618229199
USER	SmokeTest	356	START	1569618229199	1569618229199
REQUEST	343		SmokeTest	1569618227931	1569618229213	OK	 
USER	SmokeTest	343	END	1569618227931	1569618229219
USER	SmokeTest	357	START	1569618229220	1569618229220
REQUEST	349		SmokeTest	1569618228381	1569618229240	OK	 
USER	SmokeTest	349	END	1569618228381	1569618229247
USER	SmokeTest	358	START	1569618229253	1569618229253
REQUEST	350		SmokeTest	1569618228794	1569618229550	OK	 
USER	SmokeTest	350	END	1569618228793	1569618229557
USER	SmokeTest	359	START	1569618229558	1569618229558
REQUEST	351		SmokeTest	1569618229016	1569618229939	OK	 
USER	SmokeTest	351	END	1569618229015	1569618229943
USER	SmokeTest	360	START	1569618229943	1569618229943
REQUEST	354		SmokeTest	1569618229091	1569618229955	OK	 
USER	SmokeTest	354	END	1569618229091	1569618229960
USER	SmokeTest	361	START	1569618229960	1569618229960
REQUEST	356		SmokeTest	1569618229200	1569618230032	OK	 
USER	SmokeTest	356	END	1569618229199	1569618230037
USER	SmokeTest	362	START	1569618230037	1569618230037
REQUEST	353		SmokeTest	1569618229053	1569618230056	OK	 
USER	SmokeTest	353	END	1569618229052	1569618230060
USER	SmokeTest	363	START	1569618230060	1569618230060
REQUEST	357		SmokeTest	1569618229220	1569618230122	OK	 
USER	SmokeTest	357	END	1569618229220	1569618230127
REQUEST	352		SmokeTest	1569618229044	1569618230122	OK	 
USER	SmokeTest	364	START	1569618230127	1569618230127
USER	SmokeTest	352	END	1569618229043	1569618230128
USER	SmokeTest	365	START	1569618230128	1569618230128
REQUEST	358		SmokeTest	1569618229253	1569618230168	OK	 
USER	SmokeTest	358	END	1569618229253	1569618230176
USER	SmokeTest	366	START	1569618230176	1569618230176
REQUEST	355		SmokeTest	1569618229152	1569618230280	OK	 
USER	SmokeTest	355	END	1569618229152	1569618230284
USER	SmokeTest	367	START	1569618230284	1569618230284
REQUEST	359		SmokeTest	1569618229559	1569618230470	OK	 
USER	SmokeTest	359	END	1569618229558	1569618230477
USER	SmokeTest	368	START	1569618230477	1569618230477
REQUEST	363		SmokeTest	1569618230061	1569618230833	OK	 
USER	SmokeTest	363	END	1569618230060	1569618230836
USER	SmokeTest	369	START	1569618230837	1569618230837
REQUEST	361		SmokeTest	1569618229960	1569618230846	OK	 
USER	SmokeTest	361	END	1569618229960	1569618230850
USER	SmokeTest	370	START	1569618230850	1569618230850
USER	SmokeTest	371	START	1569618230851	1569618230851
REQUEST	362		SmokeTest	1569618230038	1569618230911	OK	 
USER	SmokeTest	362	END	1569618230037	1569618230921
USER	SmokeTest	372	START	1569618230922	1569618230922
REQUEST	366		SmokeTest	1569618230176	1569618230940	OK	 
USER	SmokeTest	366	END	1569618230176	1569618230946
USER	SmokeTest	373	START	1569618230947	1569618230947
REQUEST	365		SmokeTest	1569618230129	1569618230954	OK	 
USER	SmokeTest	365	END	1569618230128	1569618230959
USER	SmokeTest	374	START	1569618230959	1569618230959
REQUEST	364		SmokeTest	1569618230128	1569618231043	OK	 
USER	SmokeTest	364	END	1569618230127	1569618231048
USER	SmokeTest	375	START	1569618231049	1569618231049
REQUEST	367		SmokeTest	1569618230284	1569618231050	OK	 
USER	SmokeTest	367	END	1569618230284	1569618231059
USER	SmokeTest	376	START	1569618231061	1569618231061
REQUEST	360		SmokeTest	1569618229943	1569618231133	OK	 
USER	SmokeTest	360	END	1569618229943	1569618231136
USER	SmokeTest	377	START	1569618231137	1569618231137
REQUEST	368		SmokeTest	1569618230478	1569618231486	OK	 
USER	SmokeTest	368	END	1569618230477	1569618231493
USER	SmokeTest	378	START	1569618231493	1569618231493
REQUEST	375		SmokeTest	1569618231050	1569618231949	OK	 
USER	SmokeTest	375	END	1569618231049	1569618231955
REQUEST	377		SmokeTest	1569618231137	1569618231949	OK	 
REQUEST	376		SmokeTest	1569618231061	1569618231949	OK	 
USER	SmokeTest	379	START	1569618231955	1569618231955
USER	SmokeTest	377	END	1569618231137	1569618231958
USER	SmokeTest	380	START	1569618231961	1569618231961
USER	SmokeTest	376	END	1569618231061	1569618231961
USER	SmokeTest	381	START	1569618231962	1569618231962
REQUEST	374		SmokeTest	1569618230960	1569618232075	OK	 
USER	SmokeTest	374	END	1569618230959	1569618232078
USER	SmokeTest	382	START	1569618232078	1569618232078
REQUEST	373		SmokeTest	1569618230948	1569618232149	OK	 
REQUEST	371		SmokeTest	1569618230852	1569618232150	OK	 
USER	SmokeTest	373	END	1569618230947	1569618232158
REQUEST	372		SmokeTest	1569618230924	1569618232154	OK	 
USER	SmokeTest	383	START	1569618232164	1569618232164
USER	SmokeTest	371	END	1569618230851	1569618232162
USER	SmokeTest	384	START	1569618232168	1569618232168
USER	SmokeTest	372	END	1569618230922	1569618232165
USER	SmokeTest	385	START	1569618232169	1569618232169
REQUEST	378		SmokeTest	1569618231494	1569618232277	OK	 
USER	SmokeTest	378	END	1569618231493	1569618232282
USER	SmokeTest	386	START	1569618232284	1569618232284
REQUEST	369		SmokeTest	1569618230837	1569618232542	OK	 
USER	SmokeTest	369	END	1569618230837	1569618232547
USER	SmokeTest	387	START	1569618232547	1569618232547
REQUEST	370		SmokeTest	1569618230850	1569618232631	OK	 
USER	SmokeTest	370	END	1569618230850	1569618232635
USER	SmokeTest	388	START	1569618232635	1569618232635
REQUEST	384		SmokeTest	1569618232168	1569618232997	OK	 
USER	SmokeTest	384	END	1569618232168	1569618233001
USER	SmokeTest	389	START	1569618233001	1569618233001
REQUEST	383		SmokeTest	1569618232167	1569618233041	OK	 
USER	SmokeTest	383	END	1569618232164	1569618233044
USER	SmokeTest	390	START	1569618233045	1569618233045
REQUEST	382		SmokeTest	1569618232079	1569618233132	OK	 
USER	SmokeTest	382	END	1569618232078	1569618233139
USER	SmokeTest	391	START	1569618233139	1569618233139
REQUEST	381		SmokeTest	1569618231963	1569618233229	OK	 
USER	SmokeTest	381	END	1569618231962	1569618233233
REQUEST	379		SmokeTest	1569618231961	1569618233229	OK	 
USER	SmokeTest	392	START	1569618233234	1569618233234
USER	SmokeTest	379	END	1569618231955	1569618233236
USER	SmokeTest	393	START	1569618233239	1569618233239
REQUEST	380		SmokeTest	1569618231962	1569618233322	OK	 
USER	SmokeTest	380	END	1569618231961	1569618233328
USER	SmokeTest	394	START	1569618233329	1569618233329
REQUEST	388		SmokeTest	1569618232636	1569618233481	OK	 
USER	SmokeTest	388	END	1569618232635	1569618233488
USER	SmokeTest	395	START	1569618233488	1569618233488
REQUEST	385		SmokeTest	1569618232169	1569618233565	OK	 
USER	SmokeTest	385	END	1569618232169	1569618233569
USER	SmokeTest	396	START	1569618233569	1569618233569
REQUEST	389		SmokeTest	1569618233001	1569618233774	OK	 
USER	SmokeTest	389	END	1569618233001	1569618233779
USER	SmokeTest	397	START	1569618233779	1569618233779
REQUEST	390		SmokeTest	1569618233045	1569618234060	OK	 
USER	SmokeTest	390	END	1569618233045	1569618234064
USER	SmokeTest	398	START	1569618234065	1569618234065
REQUEST	393		SmokeTest	1569618233239	1569618234152	OK	 
USER	SmokeTest	393	END	1569618233239	1569618234156
USER	SmokeTest	399	START	1569618234156	1569618234156
REQUEST	386		SmokeTest	1569618232284	1569618234156	OK	 
USER	SmokeTest	386	END	1569618232284	1569618234160
USER	SmokeTest	400	START	1569618234160	1569618234160
REQUEST	391		SmokeTest	1569618233140	1569618234178	OK	 
USER	SmokeTest	391	END	1569618233139	1569618234181
USER	SmokeTest	401	START	1569618234181	1569618234181
REQUEST	394		SmokeTest	1569618233329	1569618234186	OK	 
USER	SmokeTest	394	END	1569618233329	1569618234190
USER	SmokeTest	402	START	1569618234190	1569618234190
REQUEST	395		SmokeTest	1569618233489	1569618234262	OK	 
USER	SmokeTest	395	END	1569618233488	1569618234271
USER	SmokeTest	403	START	1569618234272	1569618234272
REQUEST	387		SmokeTest	1569618232549	1569618234272	OK	 
USER	SmokeTest	387	END	1569618232547	1569618234279
USER	SmokeTest	404	START	1569618234279	1569618234279
REQUEST	396		SmokeTest	1569618233570	1569618234579	OK	 
USER	SmokeTest	396	END	1569618233569	1569618234583
USER	SmokeTest	405	START	1569618234583	1569618234583
REQUEST	397		SmokeTest	1569618233779	1569618234733	OK	 
USER	SmokeTest	397	END	1569618233779	1569618234738
USER	SmokeTest	406	START	1569618234738	1569618234738
REQUEST	392		SmokeTest	1569618233237	1569618234828	OK	 
USER	SmokeTest	392	END	1569618233234	1569618234831
USER	SmokeTest	407	START	1569618234832	1569618234832
REQUEST	404		SmokeTest	1569618234280	1569618235305	OK	 
USER	SmokeTest	404	END	1569618234279	1569618235308
USER	SmokeTest	408	START	1569618235309	1569618235309
REQUEST	399		SmokeTest	1569618234157	1569618235386	OK	 
USER	SmokeTest	399	END	1569618234156	1569618235389
USER	SmokeTest	409	START	1569618235389	1569618235389
REQUEST	398		SmokeTest	1569618234065	1569618235407	OK	 
USER	SmokeTest	398	END	1569618234065	1569618235415
USER	SmokeTest	410	START	1569618235415	1569618235415
REQUEST	401		SmokeTest	1569618234182	1569618235418	OK	 
USER	SmokeTest	401	END	1569618234181	1569618235421
USER	SmokeTest	411	START	1569618235421	1569618235421
REQUEST	403		SmokeTest	1569618234272	1569618235422	OK	 
USER	SmokeTest	403	END	1569618234272	1569618235425
USER	SmokeTest	412	START	1569618235426	1569618235426
REQUEST	407		SmokeTest	1569618234832	1569618235543	OK	 
USER	SmokeTest	407	END	1569618234832	1569618235546
USER	SmokeTest	413	START	1569618235546	1569618235546
REQUEST	402		SmokeTest	1569618234191	1569618235804	OK	 
USER	SmokeTest	402	END	1569618234190	1569618235808
USER	SmokeTest	414	START	1569618235808	1569618235808
REQUEST	400		SmokeTest	1569618234161	1569618236022	OK	 
USER	SmokeTest	400	END	1569618234160	1569618236026
USER	SmokeTest	415	START	1569618236035	1569618236035
REQUEST	412		SmokeTest	1569618235426	1569618236360	OK	 
USER	SmokeTest	412	END	1569618235426	1569618236363
USER	SmokeTest	416	START	1569618236363	1569618236363
REQUEST	409		SmokeTest	1569618235390	1569618236413	OK	 
USER	SmokeTest	409	END	1569618235389	1569618236416
USER	SmokeTest	417	START	1569618236416	1569618236416
REQUEST	413		SmokeTest	1569618235546	1569618236469	OK	 
USER	SmokeTest	413	END	1569618235546	1569618236474
USER	SmokeTest	418	START	1569618236474	1569618236474
REQUEST	408		SmokeTest	1569618235309	1569618236512	OK	 
USER	SmokeTest	408	END	1569618235309	1569618236516
USER	SmokeTest	419	START	1569618236516	1569618236516
REQUEST	414		SmokeTest	1569618235808	1569618236567	OK	 
USER	SmokeTest	414	END	1569618235808	1569618236570
USER	SmokeTest	420	START	1569618236570	1569618236570
REQUEST	410		SmokeTest	1569618235415	1569618236650	OK	 
USER	SmokeTest	410	END	1569618235415	1569618236655
USER	SmokeTest	421	START	1569618236655	1569618236655
REQUEST	411		SmokeTest	1569618235422	1569618236739	OK	 
USER	SmokeTest	411	END	1569618235421	1569618236743
USER	SmokeTest	422	START	1569618236743	1569618236743
REQUEST	415		SmokeTest	1569618236036	1569618236783	OK	 
USER	SmokeTest	415	END	1569618236035	1569618236786
USER	SmokeTest	423	START	1569618236787	1569618236787
REQUEST	405		SmokeTest	1569618234584	1569618236838	OK	 
USER	SmokeTest	405	END	1569618234583	1569618236842
USER	SmokeTest	424	START	1569618236842	1569618236842
REQUEST	416		SmokeTest	1569618236364	1569618237114	OK	 
USER	SmokeTest	416	END	1569618236363	1569618237118
USER	SmokeTest	425	START	1569618237118	1569618237118
REQUEST	417		SmokeTest	1569618236416	1569618237181	OK	 
USER	SmokeTest	417	END	1569618236416	1569618237187
USER	SmokeTest	426	START	1569618237188	1569618237188
REQUEST	418		SmokeTest	1569618236475	1569618237197	OK	 
USER	SmokeTest	418	END	1569618236474	1569618237201
USER	SmokeTest	427	START	1569618237201	1569618237201
REQUEST	419		SmokeTest	1569618236517	1569618237379	OK	 
USER	SmokeTest	419	END	1569618236516	1569618237382
USER	SmokeTest	428	START	1569618237382	1569618237382
REQUEST	420		SmokeTest	1569618236571	1569618237408	OK	 
USER	SmokeTest	420	END	1569618236570	1569618237413
USER	SmokeTest	429	START	1569618237413	1569618237413
REQUEST	421		SmokeTest	1569618236656	1569618237417	OK	 
USER	SmokeTest	421	END	1569618236655	1569618237420
USER	SmokeTest	430	START	1569618237421	1569618237421
REQUEST	422		SmokeTest	1569618236743	1569618237492	OK	 
USER	SmokeTest	422	END	1569618236743	1569618237495
USER	SmokeTest	431	START	1569618237495	1569618237495
REQUEST	424		SmokeTest	1569618236842	1569618237597	OK	 
USER	SmokeTest	424	END	1569618236842	1569618237601
USER	SmokeTest	432	START	1569618237601	1569618237601
REQUEST	423		SmokeTest	1569618236787	1569618237714	OK	 
USER	SmokeTest	423	END	1569618236787	1569618237718
USER	SmokeTest	433	START	1569618237718	1569618237718
REQUEST	425		SmokeTest	1569618237118	1569618237955	OK	 
USER	SmokeTest	425	END	1569618237118	1569618237960
REQUEST	427		SmokeTest	1569618237202	1569618238050	OK	 
USER	SmokeTest	427	END	1569618237201	1569618238054
REQUEST	428		SmokeTest	1569618237383	1569618238075	OK	 
USER	SmokeTest	428	END	1569618237382	1569618238078
REQUEST	426		SmokeTest	1569618237189	1569618238092	OK	 
USER	SmokeTest	426	END	1569618237188	1569618238095
REQUEST	429		SmokeTest	1569618237414	1569618238251	OK	 
USER	SmokeTest	429	END	1569618237413	1569618238254
REQUEST	430		SmokeTest	1569618237421	1569618238358	OK	 
USER	SmokeTest	430	END	1569618237421	1569618238362
REQUEST	431		SmokeTest	1569618237495	1569618238366	OK	 
USER	SmokeTest	431	END	1569618237495	1569618238373
REQUEST	433		SmokeTest	1569618237718	1569618238465	OK	 
USER	SmokeTest	433	END	1569618237718	1569618238469
REQUEST	432		SmokeTest	1569618237602	1569618238470	OK	 
USER	SmokeTest	432	END	1569618237601	1569618238473
REQUEST	406		SmokeTest	1569618234739	1569618238634	OK	 
USER	SmokeTest	406	END	1569618234738	1569618238638
